   Compiling backend v0.1.0 (/root/myTodoProject/MyTodoApp/backend)

thread 'rustc' (224851) panicked at /rustc-dev/e408947bfd200af42db322daf0fadfe7e26d3bd1/library/alloc/src/vec/mod.rs:2873:36:
slice index starts at 16 but ends at 14
stack backtrace:
   0:     0x72439105b043 - <std::sys::backtrace::BacktraceLock::print::DisplayBacktrace as core::fmt::Display>::fmt::hdadc7c28d26d7ce3
   1:     0x72439160e488 - core::fmt::write::h469843d235cc4241
   2:     0x724392adfdc2 - std::io::Write::write_fmt::h384251ddb7f1467c
   3:     0x7243910285a5 - std::panicking::default_hook::{{closure}}::hd9d92b9a46805102
   4:     0x7243910283d3 - std::panicking::default_hook::hedb2be0819bbe276
   5:     0x7243900106ba - std[d3f1e08959ac5e62]::panicking::update_hook::<alloc[dd5b059a2bbb507d]::boxed::Box<rustc_driver_impl[96c8d24ddc94f5c5]::install_ice_hook::{closure#1}>>::{closure#0}
   6:     0x7243910288d2 - std::panicking::panic_with_hook::h0fc23abecf35c6bd
   7:     0x724391028668 - std::panicking::panic_handler::{{closure}}::ha111c1a3ccf85d19
   8:     0x724391022509 - std::sys::backtrace::__rust_end_short_backtrace::h41d63216e1ba5fa4
   9:     0x724391002fbd - __rustc[16f1505adc47261a]::rust_begin_unwind
  10:     0x72438db873bc - core::panicking::panic_fmt::hc13412975f563dde
  11:     0x72438d866b0d - core::slice::index::slice_index_fail::hf1918ccaba3e9ba3
  12:     0x72438f968965 - <annotate_snippets[e37ebffb75960118]::renderer::styled_buffer::StyledBuffer>::replace
  13:     0x7243929ef427 - annotate_snippets[e37ebffb75960118]::renderer::render::render
  14:     0x7243929e27c0 - <rustc_errors[9dd702fe00760419]::annotate_snippet_emitter_writer::AnnotateSnippetEmitter>::emit_messages_default
  15:     0x724392ae8121 - <rustc_errors[9dd702fe00760419]::annotate_snippet_emitter_writer::AnnotateSnippetEmitter as rustc_errors[9dd702fe00760419]::emitter::Emitter>::emit_diagnostic
  16:     0x724392aea940 - <rustc_errors[9dd702fe00760419]::json::Diagnostic>::from_errors_diagnostic
  17:     0x724392aea06a - <rustc_errors[9dd702fe00760419]::json::JsonEmitter as rustc_errors[9dd702fe00760419]::emitter::Emitter>::emit_diagnostic
  18:     0x724392ae40ea - <rustc_errors[9dd702fe00760419]::DiagCtxtInner>::emit_diagnostic::{closure#3}
  19:     0x724392ae1b33 - rustc_interface[bc8eb6767d3142e0]::callbacks::track_diagnostic::<core[61a85662de008515]::option::Option<rustc_span[5adcd8813d784319]::ErrorGuaranteed>>
  20:     0x724392ae0bbc - <rustc_errors[9dd702fe00760419]::DiagCtxtInner>::emit_diagnostic
  21:     0x724392ae0a6d - <rustc_errors[9dd702fe00760419]::DiagCtxtHandle>::emit_diagnostic
  22:     0x724392ae092b - <() as rustc_errors[9dd702fe00760419]::diagnostic::EmissionGuarantee>::emit_producing_guarantee
  23:     0x72439256a7c0 - rustc_middle[e98470142a890996]::lint::lint_level::lint_level_impl
  24:     0x724391766976 - <rustc_lint[180103eba18a90a2]::nonstandard_style::NonCamelCaseTypes>::check_case
  25:     0x724391764c40 - <rustc_lint[180103eba18a90a2]::BuiltinCombinedEarlyLintPass as rustc_lint[180103eba18a90a2]::passes::EarlyLintPass>::check_item
  26:     0x7243917635cf - rustc_ast[286a707ddb21948f]::visit::walk_item_inner::<rustc_ast[286a707ddb21948f]::ast::ItemKind, rustc_lint[180103eba18a90a2]::early::EarlyContextAndPass<rustc_lint[180103eba18a90a2]::BuiltinCombinedEarlyLintPass>>
  27:     0x7243917635da - rustc_ast[286a707ddb21948f]::visit::walk_item_inner::<rustc_ast[286a707ddb21948f]::ast::ItemKind, rustc_lint[180103eba18a90a2]::early::EarlyContextAndPass<rustc_lint[180103eba18a90a2]::BuiltinCombinedEarlyLintPass>>
  28:     0x724391762891 - <rustc_lint[180103eba18a90a2]::early::EarlyContextAndPass<rustc_lint[180103eba18a90a2]::BuiltinCombinedEarlyLintPass> as rustc_ast[286a707ddb21948f]::visit::Visitor>::visit_item
  29:     0x72439280aab6 - rustc_interface[bc8eb6767d3142e0]::passes::early_lint_checks
  30:     0x72439280a3e7 - rustc_query_impl[a5f5c4506bf77626]::plumbing::__rust_begin_short_backtrace::<rustc_query_impl[a5f5c4506bf77626]::query_impl::early_lint_checks::dynamic_query::{closure#2}::{closure#0}, rustc_middle[e98470142a890996]::query::erase::Erased<[u8; 0usize]>>
  31:     0x7243929966ef - rustc_query_system[322f9f6cc75a823]::query::plumbing::try_execute_query::<rustc_query_impl[a5f5c4506bf77626]::DynamicConfig<rustc_query_system[322f9f6cc75a823]::query::caches::SingleCache<rustc_middle[e98470142a890996]::query::erase::Erased<[u8; 0usize]>>, false, false, false>, rustc_query_impl[a5f5c4506bf77626]::plumbing::QueryCtxt, true>
  32:     0x724392996263 - rustc_query_impl[a5f5c4506bf77626]::query_impl::early_lint_checks::get_query_incr::__rust_end_short_backtrace
  33:     0x724391c86252 - rustc_ast_lowering[cc38fef4c37d40]::lower_to_hir
  34:     0x7243928468b4 - rustc_query_impl[a5f5c4506bf77626]::plumbing::__rust_begin_short_backtrace::<rustc_query_impl[a5f5c4506bf77626]::query_impl::hir_crate::dynamic_query::{closure#2}::{closure#0}, rustc_middle[e98470142a890996]::query::erase::Erased<[u8; 8usize]>>
  35:     0x72439280cb9c - rustc_query_system[322f9f6cc75a823]::query::plumbing::try_execute_query::<rustc_query_impl[a5f5c4506bf77626]::DynamicConfig<rustc_query_system[322f9f6cc75a823]::query::caches::SingleCache<rustc_middle[e98470142a890996]::query::erase::Erased<[u8; 8usize]>>, false, false, false>, rustc_query_impl[a5f5c4506bf77626]::plumbing::QueryCtxt, true>
  36:     0x72439280c567 - rustc_query_impl[a5f5c4506bf77626]::plumbing::force_from_dep_node::<rustc_query_impl[a5f5c4506bf77626]::DynamicConfig<rustc_query_system[322f9f6cc75a823]::query::caches::SingleCache<rustc_middle[e98470142a890996]::query::erase::Erased<[u8; 8usize]>>, false, false, false>>
  37:     0x72439280c473 - <rustc_query_impl[a5f5c4506bf77626]::plumbing::query_callback<rustc_query_impl[a5f5c4506bf77626]::query_impl::hir_crate::QueryType>::{closure#0} as core[61a85662de008515]::ops::function::FnOnce<(rustc_middle[e98470142a890996]::ty::context::TyCtxt, rustc_query_system[322f9f6cc75a823]::dep_graph::dep_node::DepNode, rustc_query_system[322f9f6cc75a823]::dep_graph::serialized::SerializedDepNodeIndex)>>::call_once
  38:     0x72439162cd02 - <rustc_query_system[322f9f6cc75a823]::dep_graph::graph::DepGraphData<rustc_middle[e98470142a890996]::dep_graph::DepsType>>::try_mark_previous_green::<rustc_query_impl[a5f5c4506bf77626]::plumbing::QueryCtxt>
  39:     0x724391945cf9 - rustc_query_system[322f9f6cc75a823]::query::plumbing::try_execute_query::<rustc_query_impl[a5f5c4506bf77626]::DynamicConfig<rustc_data_structures[6caa1ca4f5282206]::vec_cache::VecCache<rustc_span[5adcd8813d784319]::def_id::LocalDefId, rustc_middle[e98470142a890996]::query::erase::Erased<[u8; 8usize]>, rustc_query_system[322f9f6cc75a823]::dep_graph::graph::DepNodeIndex>, false, false, false>, rustc_query_impl[a5f5c4506bf77626]::plumbing::QueryCtxt, true>
  40:     0x72439173bdf3 - rustc_query_impl[a5f5c4506bf77626]::query_impl::opt_hir_owner_nodes::get_query_incr::__rust_end_short_backtrace
  41:     0x724391f30f3c - <rustc_middle[e98470142a890996]::ty::context::TyCtxt>::hir_owner_node
  42:     0x724392842bd1 - rustc_middle[e98470142a890996]::hir::map::hir_crate_items
  43:     0x724392844fdf - rustc_query_impl[a5f5c4506bf77626]::plumbing::__rust_begin_short_backtrace::<rustc_query_impl[a5f5c4506bf77626]::query_impl::hir_crate_items::dynamic_query::{closure#2}::{closure#0}, rustc_middle[e98470142a890996]::query::erase::Erased<[u8; 8usize]>>
  44:     0x72439280cb9c - rustc_query_system[322f9f6cc75a823]::query::plumbing::try_execute_query::<rustc_query_impl[a5f5c4506bf77626]::DynamicConfig<rustc_query_system[322f9f6cc75a823]::query::caches::SingleCache<rustc_middle[e98470142a890996]::query::erase::Erased<[u8; 8usize]>>, false, false, false>, rustc_query_impl[a5f5c4506bf77626]::plumbing::QueryCtxt, true>
  45:     0x724392bdc801 - rustc_query_impl[a5f5c4506bf77626]::query_impl::hir_crate_items::get_query_incr::__rust_end_short_backtrace
  46:     0x7243925278a3 - rustc_interface[bc8eb6767d3142e0]::passes::analysis
  47:     0x724392527835 - rustc_query_impl[a5f5c4506bf77626]::plumbing::__rust_begin_short_backtrace::<rustc_query_impl[a5f5c4506bf77626]::query_impl::analysis::dynamic_query::{closure#2}::{closure#0}, rustc_middle[e98470142a890996]::query::erase::Erased<[u8; 0usize]>>
  48:     0x72439299688f - rustc_query_system[322f9f6cc75a823]::query::plumbing::try_execute_query::<rustc_query_impl[a5f5c4506bf77626]::DynamicConfig<rustc_query_system[322f9f6cc75a823]::query::caches::SingleCache<rustc_middle[e98470142a890996]::query::erase::Erased<[u8; 0usize]>>, false, false, false>, rustc_query_impl[a5f5c4506bf77626]::plumbing::QueryCtxt, true>
  49:     0x72439299613f - rustc_query_impl[a5f5c4506bf77626]::query_impl::analysis::get_query_incr::__rust_end_short_backtrace
  50:     0x72439299f4d1 - <rustc_interface[bc8eb6767d3142e0]::passes::create_and_enter_global_ctxt<core[61a85662de008515]::option::Option<rustc_interface[bc8eb6767d3142e0]::queries::Linker>, rustc_driver_impl[96c8d24ddc94f5c5]::run_compiler::{closure#0}::{closure#2}>::{closure#2} as core[61a85662de008515]::ops::function::FnOnce<(&rustc_session[e0208b08f90ffce6]::session::Session, rustc_middle[e98470142a890996]::ty::context::CurrentGcx, alloc[dd5b059a2bbb507d]::sync::Arc<rustc_data_structures[6caa1ca4f5282206]::jobserver::Proxy>, &std[d3f1e08959ac5e62]::sync::once_lock::OnceLock<rustc_middle[e98470142a890996]::ty::context::GlobalCtxt>, &rustc_data_structures[6caa1ca4f5282206]::sync::worker_local::WorkerLocal<rustc_middle[e98470142a890996]::arena::Arena>, &rustc_data_structures[6caa1ca4f5282206]::sync::worker_local::WorkerLocal<rustc_hir[6e5c920e04c3da8]::Arena>, rustc_driver_impl[96c8d24ddc94f5c5]::run_compiler::{closure#0}::{closure#2})>>::call_once::{shim:vtable#0}
  51:     0x7243927e1e74 - rustc_interface[bc8eb6767d3142e0]::interface::run_compiler::<(), rustc_driver_impl[96c8d24ddc94f5c5]::run_compiler::{closure#0}>::{closure#1}
  52:     0x724392744e4e - std[d3f1e08959ac5e62]::sys::backtrace::__rust_begin_short_backtrace::<rustc_interface[bc8eb6767d3142e0]::util::run_in_thread_with_globals<rustc_interface[bc8eb6767d3142e0]::util::run_in_thread_pool_with_globals<rustc_interface[bc8eb6767d3142e0]::interface::run_compiler<(), rustc_driver_impl[96c8d24ddc94f5c5]::run_compiler::{closure#0}>::{closure#1}, ()>::{closure#0}, ()>::{closure#0}::{closure#0}, ()>
  53:     0x724392744c20 - <std[d3f1e08959ac5e62]::thread::lifecycle::spawn_unchecked<rustc_interface[bc8eb6767d3142e0]::util::run_in_thread_with_globals<rustc_interface[bc8eb6767d3142e0]::util::run_in_thread_pool_with_globals<rustc_interface[bc8eb6767d3142e0]::interface::run_compiler<(), rustc_driver_impl[96c8d24ddc94f5c5]::run_compiler::{closure#0}>::{closure#1}, ()>::{closure#0}, ()>::{closure#0}::{closure#0}, ()>::{closure#1} as core[61a85662de008515]::ops::function::FnOnce<()>>::call_once::{shim:vtable#0}
  54:     0x724392746dc6 - std::sys::thread::unix::Thread::new::thread_start::h96f969bf98c6e59d
  55:     0x72438c09caa4 - <unknown>
  56:     0x72438c129c6c - <unknown>
  57:                0x0 - <unknown>

error: the compiler unexpectedly panicked. this is a bug.

note: we would appreciate a bug report: https://github.com/rust-lang/rust/issues/new?labels=C-bug%2C+I-ICE%2C+T-compiler&template=ice.md

note: rustc 1.94.1 (e408947bf 2026-03-25) running on x86_64-unknown-linux-gnu

note: compiler flags: --crate-type bin -C embed-bitcode=no -C debuginfo=2 -C incremental=[REDACTED]

note: some of the compiler flags provided by cargo are hidden

query stack during panic:
#0 [early_lint_checks] perform lints prior to AST lowering
#1 [hir_crate] getting the crate HIR
... and 3 other queries... use `env RUST_BACKTRACE=1` to see the full query stack
there was a panic while trying to force a dep node
try_mark_green dep node stack:
#0 opt_hir_owner_nodes(backend[1cb8])
end of try_mark_green dep node stack
error: could not compile `backend` (bin "backend")

Caused by:
  process didn't exit successfully: `/root/.rustup/toolchains/stable-x86_64-unknown-linux-gnu/bin/rustc --crate-name backend --edition=2024 backend/src/main.rs --error-format=json --json=diagnostic-rendered-ansi,artifacts,future-incompat --crate-type bin --emit=dep-info,link -C embed-bitcode=no -C debuginfo=2 --check-cfg 'cfg(docsrs,test)' --check-cfg 'cfg(feature, values())' -C metadata=f9d7220be202a464 -C extra-filename=-8ef05d8e0bf2f49c --out-dir /root/myTodoProject/MyTodoApp/target/debug/deps -C incremental=/root/myTodoProject/MyTodoApp/target/debug/incremental -L dependency=/root/myTodoProject/MyTodoApp/target/debug/deps --extern anyhow=/root/myTodoProject/MyTodoApp/target/debug/deps/libanyhow-f36515dc2016ce88.rlib --extern argon2=/root/myTodoProject/MyTodoApp/target/debug/deps/libargon2-bce7b85a141a75fd.rlib --extern chrono=/root/myTodoProject/MyTodoApp/target/debug/deps/libchrono-4bac159eaad6c60d.rlib --extern futures_util=/root/myTodoProject/MyTodoApp/target/debug/deps/libfutures_util-d92cf684ed1f72d7.rlib --extern jsonwebtoken=/root/myTodoProject/MyTodoApp/target/debug/deps/libjsonwebtoken-0f58d7bf0682fce5.rlib --extern regex_lite=/root/myTodoProject/MyTodoApp/target/debug/deps/libregex_lite-6751599774e8f008.rlib --extern salvo=/root/myTodoProject/MyTodoApp/target/debug/deps/libsalvo-a9b98240e7c8df5e.rlib --extern serde=/root/myTodoProject/MyTodoApp/target/debug/deps/libserde-5768f47df3448002.rlib --extern serde_json=/root/myTodoProject/MyTodoApp/target/debug/deps/libserde_json-8be0e833c193167c.rlib --extern sonyflake=/root/myTodoProject/MyTodoApp/target/debug/deps/libsonyflake-4537ce7a131d7205.rlib --extern sqlx=/root/myTodoProject/MyTodoApp/target/debug/deps/libsqlx-6f3d33d9817b6dea.rlib --extern tokio=/root/myTodoProject/MyTodoApp/target/debug/deps/libtokio-0c5afbfae153cd89.rlib --extern tokio_stream=/root/myTodoProject/MyTodoApp/target/debug/deps/libtokio_stream-69a16a2d6c57a750.rlib --extern tracing=/root/myTodoProject/MyTodoApp/target/debug/deps/libtracing-9cf0830476ac20b8.rlib --extern tracing_appender=/root/myTodoProject/MyTodoApp/target/debug/deps/libtracing_appender-d5f4d408ebf720f1.rlib --extern tracing_subscriber=/root/myTodoProject/MyTodoApp/target/debug/deps/libtracing_subscriber-fe42aaf945ba22bd.rlib --extern uuid=/root/myTodoProject/MyTodoApp/target/debug/deps/libuuid-48d1ca3686e71e36.rlib -L native=/root/myTodoProject/MyTodoApp/target/debug/build/zstd-sys-b7672f4961413a35/out -L native=/root/myTodoProject/MyTodoApp/target/debug/build/ring-19f29c8dbc56e9d0/out` (exit status: 101)
