   Compiling pnet_base v0.35.0
   Compiling pnet_datalink v0.35.0
   Compiling sonyflake v0.4.0
   Compiling backend v0.1.0 (/root/myTodoProject/MyTodoApp/backend)

thread 'rustc' (224767) panicked at /rustc-dev/e408947bfd200af42db322daf0fadfe7e26d3bd1/library/alloc/src/vec/mod.rs:2873:36:
slice index starts at 16 but ends at 14
stack backtrace:
   0:     0x7e44a885b043 - <std::sys::backtrace::BacktraceLock::print::DisplayBacktrace as core::fmt::Display>::fmt::hdadc7c28d26d7ce3
   1:     0x7e44a8e0e488 - core::fmt::write::h469843d235cc4241
   2:     0x7e44aa2dfdc2 - std::io::Write::write_fmt::h384251ddb7f1467c
   3:     0x7e44a88285a5 - std::panicking::default_hook::{{closure}}::hd9d92b9a46805102
   4:     0x7e44a88283d3 - std::panicking::default_hook::hedb2be0819bbe276
   5:     0x7e44a78106ba - std[d3f1e08959ac5e62]::panicking::update_hook::<alloc[dd5b059a2bbb507d]::boxed::Box<rustc_driver_impl[96c8d24ddc94f5c5]::install_ice_hook::{closure#1}>>::{closure#0}
   6:     0x7e44a88288d2 - std::panicking::panic_with_hook::h0fc23abecf35c6bd
   7:     0x7e44a8828668 - std::panicking::panic_handler::{{closure}}::ha111c1a3ccf85d19
   8:     0x7e44a8822509 - std::sys::backtrace::__rust_end_short_backtrace::h41d63216e1ba5fa4
   9:     0x7e44a8802fbd - __rustc[16f1505adc47261a]::rust_begin_unwind
  10:     0x7e44a53873bc - core::panicking::panic_fmt::hc13412975f563dde
  11:     0x7e44a5066b0d - core::slice::index::slice_index_fail::hf1918ccaba3e9ba3
  12:     0x7e44a7168965 - <annotate_snippets[e37ebffb75960118]::renderer::styled_buffer::StyledBuffer>::replace
  13:     0x7e44aa1ef427 - annotate_snippets[e37ebffb75960118]::renderer::render::render
  14:     0x7e44aa1e27c0 - <rustc_errors[9dd702fe00760419]::annotate_snippet_emitter_writer::AnnotateSnippetEmitter>::emit_messages_default
  15:     0x7e44aa2e8121 - <rustc_errors[9dd702fe00760419]::annotate_snippet_emitter_writer::AnnotateSnippetEmitter as rustc_errors[9dd702fe00760419]::emitter::Emitter>::emit_diagnostic
  16:     0x7e44aa2ea940 - <rustc_errors[9dd702fe00760419]::json::Diagnostic>::from_errors_diagnostic
  17:     0x7e44aa2ea06a - <rustc_errors[9dd702fe00760419]::json::JsonEmitter as rustc_errors[9dd702fe00760419]::emitter::Emitter>::emit_diagnostic
  18:     0x7e44aa2e40ea - <rustc_errors[9dd702fe00760419]::DiagCtxtInner>::emit_diagnostic::{closure#3}
  19:     0x7e44aa2e1b33 - rustc_interface[bc8eb6767d3142e0]::callbacks::track_diagnostic::<core[61a85662de008515]::option::Option<rustc_span[5adcd8813d784319]::ErrorGuaranteed>>
  20:     0x7e44aa2e0bbc - <rustc_errors[9dd702fe00760419]::DiagCtxtInner>::emit_diagnostic
  21:     0x7e44aa2e0a6d - <rustc_errors[9dd702fe00760419]::DiagCtxtHandle>::emit_diagnostic
  22:     0x7e44aa2e092b - <() as rustc_errors[9dd702fe00760419]::diagnostic::EmissionGuarantee>::emit_producing_guarantee
  23:     0x7e44a9d6a7c0 - rustc_middle[e98470142a890996]::lint::lint_level::lint_level_impl
  24:     0x7e44a8f66976 - <rustc_lint[180103eba18a90a2]::nonstandard_style::NonCamelCaseTypes>::check_case
  25:     0x7e44a8f64c40 - <rustc_lint[180103eba18a90a2]::BuiltinCombinedEarlyLintPass as rustc_lint[180103eba18a90a2]::passes::EarlyLintPass>::check_item
  26:     0x7e44a8f635cf - rustc_ast[286a707ddb21948f]::visit::walk_item_inner::<rustc_ast[286a707ddb21948f]::ast::ItemKind, rustc_lint[180103eba18a90a2]::early::EarlyContextAndPass<rustc_lint[180103eba18a90a2]::BuiltinCombinedEarlyLintPass>>
  27:     0x7e44a8f635da - rustc_ast[286a707ddb21948f]::visit::walk_item_inner::<rustc_ast[286a707ddb21948f]::ast::ItemKind, rustc_lint[180103eba18a90a2]::early::EarlyContextAndPass<rustc_lint[180103eba18a90a2]::BuiltinCombinedEarlyLintPass>>
  28:     0x7e44a8f62891 - <rustc_lint[180103eba18a90a2]::early::EarlyContextAndPass<rustc_lint[180103eba18a90a2]::BuiltinCombinedEarlyLintPass> as rustc_ast[286a707ddb21948f]::visit::Visitor>::visit_item
  29:     0x7e44aa00aab6 - rustc_interface[bc8eb6767d3142e0]::passes::early_lint_checks
  30:     0x7e44aa00a3e7 - rustc_query_impl[a5f5c4506bf77626]::plumbing::__rust_begin_short_backtrace::<rustc_query_impl[a5f5c4506bf77626]::query_impl::early_lint_checks::dynamic_query::{closure#2}::{closure#0}, rustc_middle[e98470142a890996]::query::erase::Erased<[u8; 0usize]>>
  31:     0x7e44aa00f323 - rustc_query_system[322f9f6cc75a823]::query::plumbing::try_execute_query::<rustc_query_impl[a5f5c4506bf77626]::DynamicConfig<rustc_query_system[322f9f6cc75a823]::query::caches::SingleCache<rustc_middle[e98470142a890996]::query::erase::Erased<[u8; 0usize]>>, false, false, false>, rustc_query_impl[a5f5c4506bf77626]::plumbing::QueryCtxt, false>
  32:     0x7e44aa00eef6 - rustc_query_impl[a5f5c4506bf77626]::query_impl::early_lint_checks::get_query_non_incr::__rust_end_short_backtrace
  33:     0x7e44a9486252 - rustc_ast_lowering[cc38fef4c37d40]::lower_to_hir
  34:     0x7e44aa0468b4 - rustc_query_impl[a5f5c4506bf77626]::plumbing::__rust_begin_short_backtrace::<rustc_query_impl[a5f5c4506bf77626]::query_impl::hir_crate::dynamic_query::{closure#2}::{closure#0}, rustc_middle[e98470142a890996]::query::erase::Erased<[u8; 8usize]>>
  35:     0x7e44aa01035a - rustc_query_system[322f9f6cc75a823]::query::plumbing::try_execute_query::<rustc_query_impl[a5f5c4506bf77626]::DynamicConfig<rustc_query_system[322f9f6cc75a823]::query::caches::SingleCache<rustc_middle[e98470142a890996]::query::erase::Erased<[u8; 8usize]>>, false, false, false>, rustc_query_impl[a5f5c4506bf77626]::plumbing::QueryCtxt, false>
  36:     0x7e44aa00ffde - rustc_query_impl[a5f5c4506bf77626]::query_impl::hir_crate::get_query_non_incr::__rust_end_short_backtrace
  37:     0x7e44aa54a5d6 - rustc_query_impl[a5f5c4506bf77626]::plumbing::__rust_begin_short_backtrace::<rustc_query_impl[a5f5c4506bf77626]::query_impl::opt_hir_owner_nodes::dynamic_query::{closure#2}::{closure#0}, rustc_middle[e98470142a890996]::query::erase::Erased<[u8; 8usize]>>.warm
  38:     0x7e44a9143e6a - rustc_query_system[322f9f6cc75a823]::query::plumbing::try_execute_query::<rustc_query_impl[a5f5c4506bf77626]::DynamicConfig<rustc_data_structures[6caa1ca4f5282206]::vec_cache::VecCache<rustc_span[5adcd8813d784319]::def_id::LocalDefId, rustc_middle[e98470142a890996]::query::erase::Erased<[u8; 8usize]>, rustc_query_system[322f9f6cc75a823]::dep_graph::graph::DepNodeIndex>, false, false, false>, rustc_query_impl[a5f5c4506bf77626]::plumbing::QueryCtxt, false>
  39:     0x7e44a9143b0b - rustc_query_impl[a5f5c4506bf77626]::query_impl::opt_hir_owner_nodes::get_query_non_incr::__rust_end_short_backtrace
  40:     0x7e44a9730f3c - <rustc_middle[e98470142a890996]::ty::context::TyCtxt>::hir_owner_node
  41:     0x7e44aa042bd1 - rustc_middle[e98470142a890996]::hir::map::hir_crate_items
  42:     0x7e44aa044fdf - rustc_query_impl[a5f5c4506bf77626]::plumbing::__rust_begin_short_backtrace::<rustc_query_impl[a5f5c4506bf77626]::query_impl::hir_crate_items::dynamic_query::{closure#2}::{closure#0}, rustc_middle[e98470142a890996]::query::erase::Erased<[u8; 8usize]>>
  43:     0x7e44aa01035a - rustc_query_system[322f9f6cc75a823]::query::plumbing::try_execute_query::<rustc_query_impl[a5f5c4506bf77626]::DynamicConfig<rustc_query_system[322f9f6cc75a823]::query::caches::SingleCache<rustc_middle[e98470142a890996]::query::erase::Erased<[u8; 8usize]>>, false, false, false>, rustc_query_impl[a5f5c4506bf77626]::plumbing::QueryCtxt, false>
  44:     0x7e44aa010b40 - rustc_query_impl[a5f5c4506bf77626]::query_impl::hir_crate_items::get_query_non_incr::__rust_end_short_backtrace
  45:     0x7e44a9d278a3 - rustc_interface[bc8eb6767d3142e0]::passes::analysis
  46:     0x7e44a9d27835 - rustc_query_impl[a5f5c4506bf77626]::plumbing::__rust_begin_short_backtrace::<rustc_query_impl[a5f5c4506bf77626]::query_impl::analysis::dynamic_query::{closure#2}::{closure#0}, rustc_middle[e98470142a890996]::query::erase::Erased<[u8; 0usize]>>
  47:     0x7e44aa00f323 - rustc_query_system[322f9f6cc75a823]::query::plumbing::try_execute_query::<rustc_query_impl[a5f5c4506bf77626]::DynamicConfig<rustc_query_system[322f9f6cc75a823]::query::caches::SingleCache<rustc_middle[e98470142a890996]::query::erase::Erased<[u8; 0usize]>>, false, false, false>, rustc_query_impl[a5f5c4506bf77626]::plumbing::QueryCtxt, false>
  48:     0x7e44aa00f10e - rustc_query_impl[a5f5c4506bf77626]::query_impl::analysis::get_query_non_incr::__rust_end_short_backtrace
  49:     0x7e44aa19f4d1 - <rustc_interface[bc8eb6767d3142e0]::passes::create_and_enter_global_ctxt<core[61a85662de008515]::option::Option<rustc_interface[bc8eb6767d3142e0]::queries::Linker>, rustc_driver_impl[96c8d24ddc94f5c5]::run_compiler::{closure#0}::{closure#2}>::{closure#2} as core[61a85662de008515]::ops::function::FnOnce<(&rustc_session[e0208b08f90ffce6]::session::Session, rustc_middle[e98470142a890996]::ty::context::CurrentGcx, alloc[dd5b059a2bbb507d]::sync::Arc<rustc_data_structures[6caa1ca4f5282206]::jobserver::Proxy>, &std[d3f1e08959ac5e62]::sync::once_lock::OnceLock<rustc_middle[e98470142a890996]::ty::context::GlobalCtxt>, &rustc_data_structures[6caa1ca4f5282206]::sync::worker_local::WorkerLocal<rustc_middle[e98470142a890996]::arena::Arena>, &rustc_data_structures[6caa1ca4f5282206]::sync::worker_local::WorkerLocal<rustc_hir[6e5c920e04c3da8]::Arena>, rustc_driver_impl[96c8d24ddc94f5c5]::run_compiler::{closure#0}::{closure#2})>>::call_once::{shim:vtable#0}
  50:     0x7e44a9fe1e74 - rustc_interface[bc8eb6767d3142e0]::interface::run_compiler::<(), rustc_driver_impl[96c8d24ddc94f5c5]::run_compiler::{closure#0}>::{closure#1}
  51:     0x7e44a9f44e4e - std[d3f1e08959ac5e62]::sys::backtrace::__rust_begin_short_backtrace::<rustc_interface[bc8eb6767d3142e0]::util::run_in_thread_with_globals<rustc_interface[bc8eb6767d3142e0]::util::run_in_thread_pool_with_globals<rustc_interface[bc8eb6767d3142e0]::interface::run_compiler<(), rustc_driver_impl[96c8d24ddc94f5c5]::run_compiler::{closure#0}>::{closure#1}, ()>::{closure#0}, ()>::{closure#0}::{closure#0}, ()>
  52:     0x7e44a9f44c20 - <std[d3f1e08959ac5e62]::thread::lifecycle::spawn_unchecked<rustc_interface[bc8eb6767d3142e0]::util::run_in_thread_with_globals<rustc_interface[bc8eb6767d3142e0]::util::run_in_thread_pool_with_globals<rustc_interface[bc8eb6767d3142e0]::interface::run_compiler<(), rustc_driver_impl[96c8d24ddc94f5c5]::run_compiler::{closure#0}>::{closure#1}, ()>::{closure#0}, ()>::{closure#0}::{closure#0}, ()>::{closure#1} as core[61a85662de008515]::ops::function::FnOnce<()>>::call_once::{shim:vtable#0}
  53:     0x7e44a9f46dc6 - std::sys::thread::unix::Thread::new::thread_start::h96f969bf98c6e59d
  54:     0x7e44a389caa4 - <unknown>
  55:     0x7e44a3929c6c - <unknown>
  56:                0x0 - <unknown>

error: the compiler unexpectedly panicked. this is a bug.

note: we would appreciate a bug report: https://github.com/rust-lang/rust/issues/new?labels=C-bug%2C+I-ICE%2C+T-compiler&template=ice.md

note: rustc 1.94.1 (e408947bf 2026-03-25) running on x86_64-unknown-linux-gnu

note: compiler flags: --crate-type bin -C opt-level=3 -C embed-bitcode=no -C strip=debuginfo

note: some of the compiler flags provided by cargo are hidden

query stack during panic:
#0 [early_lint_checks] perform lints prior to AST lowering
#1 [hir_crate] getting the crate HIR
... and 3 other queries... use `env RUST_BACKTRACE=1` to see the full query stack
error: could not compile `backend` (bin "backend")

Caused by:
  process didn't exit successfully: `/root/.rustup/toolchains/stable-x86_64-unknown-linux-gnu/bin/rustc --crate-name backend --edition=2024 backend/src/main.rs --error-format=json --json=diagnostic-rendered-ansi,artifacts,future-incompat --crate-type bin --emit=dep-info,link -C opt-level=3 -C embed-bitcode=no --check-cfg 'cfg(docsrs,test)' --check-cfg 'cfg(feature, values())' -C metadata=f8e881bfa02d258b -C extra-filename=-8a387eef62382422 --out-dir /root/myTodoProject/MyTodoApp/target/release/deps -C strip=debuginfo -L dependency=/root/myTodoProject/MyTodoApp/target/release/deps --extern anyhow=/root/myTodoProject/MyTodoApp/target/release/deps/libanyhow-5d2982aeb53ddad7.rlib --extern argon2=/root/myTodoProject/MyTodoApp/target/release/deps/libargon2-c12f365b3f4c1345.rlib --extern chrono=/root/myTodoProject/MyTodoApp/target/release/deps/libchrono-97724d715349e476.rlib --extern futures_util=/root/myTodoProject/MyTodoApp/target/release/deps/libfutures_util-449b7de505142663.rlib --extern jsonwebtoken=/root/myTodoProject/MyTodoApp/target/release/deps/libjsonwebtoken-68cb38aa1634a034.rlib --extern regex_lite=/root/myTodoProject/MyTodoApp/target/release/deps/libregex_lite-1c4566a23e6a471d.rlib --extern salvo=/root/myTodoProject/MyTodoApp/target/release/deps/libsalvo-bbd9b6db79943977.rlib --extern serde=/root/myTodoProject/MyTodoApp/target/release/deps/libserde-675e674aa89ff79c.rlib --extern serde_json=/root/myTodoProject/MyTodoApp/target/release/deps/libserde_json-3b477be16beca513.rlib --extern sonyflake=/root/myTodoProject/MyTodoApp/target/release/deps/libsonyflake-9b044bfdbdd93cb3.rlib --extern sqlx=/root/myTodoProject/MyTodoApp/target/release/deps/libsqlx-528f0b5777aac3f8.rlib --extern tokio=/root/myTodoProject/MyTodoApp/target/release/deps/libtokio-b5a6deb7be56fe1f.rlib --extern tokio_stream=/root/myTodoProject/MyTodoApp/target/release/deps/libtokio_stream-14c7a19e35810325.rlib --extern tracing=/root/myTodoProject/MyTodoApp/target/release/deps/libtracing-a82aaa8c62eafcf2.rlib --extern tracing_appender=/root/myTodoProject/MyTodoApp/target/release/deps/libtracing_appender-f48ad7d0d0b92ac7.rlib --extern tracing_subscriber=/root/myTodoProject/MyTodoApp/target/release/deps/libtracing_subscriber-f31284ef64b8e002.rlib --extern uuid=/root/myTodoProject/MyTodoApp/target/release/deps/libuuid-68f015288acbfd93.rlib -L native=/root/myTodoProject/MyTodoApp/target/release/build/zstd-sys-58edcefab4795358/out -L native=/root/myTodoProject/MyTodoApp/target/release/build/ring-23fc8bcbd1252060/out` (exit status: 101)
